********************************************************************************
product = WebSphere Application Server 18.0.0.1 (wlp-1.0.20.cl180120180309-2209)
wlp.install.dir = /Users/laurabennett/2018/Patterns/GetStartedJava/target/liberty/wlp/
java.home = /Library/Java/JavaVirtualMachines/jdk1.8.0_162.jdk/Contents/Home/jre
java.version = 1.8.0_162
java.runtime = Java(TM) SE Runtime Environment (1.8.0_162-b12)
os = Mac OS X (10.13.3; x86_64) (en_US)
process = 31291@Lauras-MacBook-Pro-6.local
********************************************************************************
[6/19/18 13:52:56:653 PDT] 00000001 com.ibm.ws.kernel.launch.internal.FrameworkManager           A CWWKE0001I: The server defaultServer has been launched.
[6/19/18 13:52:56:666 PDT] 00000001 com.ibm.ws.kernel.launch.internal.FrameworkManager           A CWWKE0100I: This product is licensed for development, and limited production use. The full license terms can be viewed here: https://public.dhe.ibm.com/ibmdl/export/pub/software/websphere/wasdev/license/base_ilan/ilan/18.0.0.1/lafiles/en.html
[6/19/18 13:52:57:877 PDT] 00000001 com.ibm.ws.kernel.launch.internal.FrameworkManager           I CWWKE0002I: The kernel started after 1.611 seconds
[6/19/18 13:52:57:917 PDT] 00000019 com.ibm.ws.kernel.feature.internal.FeatureManager            I CWWKF0007I: Feature update started.
[6/19/18 13:52:59:821 PDT] 00000012 com.ibm.ws.security.ready.internal.SecurityReadyServiceImpl  I CWWKS0007I: The security service is starting...
[6/19/18 13:53:00:517 PDT] 00000021 com.ibm.ws.security.token.ltpa.internal.LTPAKeyInfoManager   I CWWKS4103I: Creating the LTPA keys. This may take a few seconds.
[6/19/18 13:53:00:545 PDT] 00000012 ibm.ws.security.authentication.internal.jaas.JAASServiceImpl I CWWKS1123I: The collective authentication plugin with class name NullCollectiveAuthenticationPlugin has been activated. 
[6/19/18 13:53:00:960 PDT] 00000012 com.ibm.ws.app.manager.internal.monitor.DropinMonitor        A CWWKZ0058I: Monitoring dropins for applications.
[6/19/18 13:53:00:963 PDT] 00000021 com.ibm.ws.security.token.ltpa.internal.LTPAKeyInfoManager   A CWWKS4104A: LTPA keys created in 0.446 seconds. LTPA key file: /Users/laurabennett/2018/Patterns/GetStartedJava/target/liberty/wlp/usr/servers/defaultServer/resources/security/ltpa.keys
[6/19/18 13:53:00:971 PDT] 00000021 com.ibm.ws.security.token.ltpa.internal.LTPAKeyCreateTask    I CWWKS4105I: LTPA configuration is ready after 0.460 seconds.
[6/19/18 13:53:01:126 PDT] 00000026 com.ibm.ws.tcpchannel.internal.TCPChannel                    I CWWKO0219I: TCP Channel defaultHttpEndpoint has been started and is now listening for requests on host *  (IPv6) port 9080.
[6/19/18 13:53:01:909 PDT] 00000012 com.ibm.ws.cache.ServerCache                                 I DYNA1001I: WebSphere Dynamic Cache instance named baseCache initialized successfully.
[6/19/18 13:53:01:912 PDT] 00000012 com.ibm.ws.cache.ServerCache                                 I DYNA1071I: The cache provider default is being used.
[6/19/18 13:53:01:913 PDT] 00000012 com.ibm.ws.cache.CacheServiceImpl                            I DYNA1056I: Dynamic Cache (object cache) initialized successfully.
[6/19/18 13:53:02:431 PDT] 0000001b com.ibm.ws.app.manager.AppMessageHelper                      I CWWKZ0018I: Starting application GetStartedJava.
[6/19/18 13:53:02:974 PDT] 0000001b org.jboss.weld.Version                                       I WELD-000900: 2.4.5 (Final)
[6/19/18 13:53:03:344 PDT] 0000001b com.ibm.ws.session.WASSessionCore                            I SESN8501I: The session manager did not find a persistent storage location; HttpSession objects will be stored in the local application server's memory.
[6/19/18 13:53:03:360 PDT] 0000001b com.ibm.ws.webcontainer.osgi.webapp.WebGroup                 I SRVE0169I: Loading Web Module: GetStartedJava-1.0-SNAPSHOT.
[6/19/18 13:53:03:363 PDT] 0000001b com.ibm.ws.webcontainer                                      I SRVE0250I: Web Module GetStartedJava-1.0-SNAPSHOT has been bound to default_host.
[6/19/18 13:53:03:366 PDT] 0000001b com.ibm.ws.http.internal.VirtualHostImpl                     A CWWKT0016I: Web application available (default_host): http://9.241.52.156:9080/GetStartedJava/
[6/19/18 13:53:03:371 PDT] 0000001b com.ibm.ws.app.manager.AppMessageHelper                      A CWWKZ0001I: Application GetStartedJava started in 0.940 seconds.
[6/19/18 13:53:03:441 PDT] 0000002b com.ibm.ws.session.WASSessionCore                            I SESN0176I: A new session context will be created for application key default_host/GetStartedJava
[6/19/18 13:53:03:441 PDT] 00000019 com.ibm.ws.kernel.feature.internal.FeatureManager            A CWWKF0012I: The server installed the following features: [jsp-2.3, ejbLite-3.2, managedBeans-1.0, servlet-3.1, jsf-2.2, beanValidation-1.1, ssl-1.0, jndi-1.0, appSecurity-2.0, jsonp-1.0, jdbc-4.1, jaxrs-2.0, el-3.0, jaxrsClient-2.0, json-1.0, jpaContainer-2.1, cdi-1.2, distributedMap-1.0, webProfile-7.0, websocket-1.1, jpa-2.1].
[6/19/18 13:53:03:442 PDT] 00000019 com.ibm.ws.kernel.feature.internal.FeatureManager            I CWWKF0008I: Feature update completed in 5.568 seconds.
[6/19/18 13:53:03:442 PDT] 00000019 com.ibm.ws.kernel.feature.internal.FeatureManager            A CWWKF0011I: The server defaultServer is ready to run a smarter planet.
[6/19/18 13:53:03:462 PDT] 0000002b com.ibm.ws.util                                              I SESN0172I: The session manager is using the Java default SecureRandom implementation for session ID generation.
[6/19/18 13:53:03:676 PDT] 0000002b com.ibm.ws.cache.CacheServiceImpl                            I DYNA1056I: Dynamic Cache (object cache) initialized successfully.
[6/19/18 13:53:03:709 PDT] 0000002c com.ibm.ws.webcontainer.osgi.mbeans.PluginGenerator          I SRVE9103I: A configuration file for a web server plugin was automatically generated for this server at /Users/laurabennett/2018/Patterns/GetStartedJava/target/liberty/wlp/usr/servers/defaultServer/logs/state/plugin-cfg.xml.
[6/19/18 13:53:20:189 PDT] 00000020 SystemOut                                                    O Running locally. Looking for credentials in cloudant.properties
[6/19/18 13:53:20:192 PDT] 00000020 SystemOut                                                    O To use a database, set the Cloudant url in src/main/resources/cloudant.properties
[6/19/18 13:53:20:338 PDT] 00000020 .ibm.ws.jaxrs.2.0.common:1.0.20.cl180120180309-2209(id=177)] I Setting the server's publish address to be /api/
[6/19/18 13:53:20:642 PDT] 00000020 com.ibm.ws.webcontainer.servlet                              I SRVE0242I: [GetStartedJava] [/GetStartedJava] [wasdev.sample.rest.VisitorAPI]: Initialization successful.
[6/19/18 13:53:37:974 PDT] 0000000f com.ibm.ws.kernel.launch.internal.FrameworkManager           A CWWKE0085I: The server defaultServer is stopping because the JVM is exiting.
[6/19/18 13:53:37:976 PDT] 00000069 com.ibm.ws.runtime.update.internal.RuntimeUpdateManagerImpl  A CWWKE1100I: Waiting for up to 30 seconds for the server to quiesce.
[6/19/18 13:53:37:983 PDT] 0000006a com.ibm.ws.tcpchannel.internal.TCPChannel                    I CWWKO0220I: TCP Channel defaultHttpEndpoint has stopped listening for requests on host *  (IPv6) port 9080.
[6/19/18 13:53:37:984 PDT] 0000006a com.ibm.ws.http.internal.VirtualHostImpl                     A CWWKT0017I: Web application removed (default_host): http://9.241.52.156:9080/GetStartedJava/
[6/19/18 13:53:37:986 PDT] 00000069 com.ibm.ws.runtime.update.internal.RuntimeUpdateManagerImpl  I CWWKE1101I: Server quiesce complete.
[6/19/18 13:53:38:032 PDT] 00000060 com.ibm.ws.app.manager.AppMessageHelper                      A CWWKZ0009I: The application GetStartedJava has stopped successfully.
[6/19/18 13:53:38:065 PDT] 00000069 com.ibm.ws.security.ready.internal.SecurityReadyServiceImpl  I CWWKS0009I: The security service has stopped.
[6/19/18 13:53:38:096 PDT] 00000069 ibm.ws.security.authentication.internal.jaas.JAASServiceImpl I CWWKS1124I: The collective authentication plugin with class name NullCollectiveAuthenticationPlugin has been deactivated. 
[6/19/18 13:53:38:268 PDT] 00000010 com.ibm.ws.kernel.launch.internal.ServerCommandListener      A CWWKE0055I: Server shutdown requested on Tuesday, June 19, 2018 at 1:53 PM. The server defaultServer is shutting down.
[6/19/18 13:53:38:587 PDT] 00000001 com.ibm.ws.kernel.launch.internal.FrameworkManager           A CWWKE0036I: The server defaultServer stopped after 42.324 seconds.
